Building the contour RDBMS backend
The first time you run this you can safely ignore any errors relating to failed DROPs

DROP
CREATE
DROP
CREATE
DROP
CREATE
CREATE
DROP
CREATE
EOF
DROP
CREATE
DROP
CREATE
DROP
CREATE
DROP
CREATE
DROP
CREATE
EOF
DROP
CREATE
DROP
CREATE
INSERT 90783 1
INSERT 90784 1
DROP
CREATE
DROP
CREATE
DROP
CREATE
DROP
CREATE
EOF
DROP
CREATE
INSERT 90865 1
EOF
DROP
CREATE
DROP
CREATE
DROP
CREATE
DROP
CREATE
EOF
DROP
CREATE
DROP
CREATE
DROP
CREATE
DROP
CREATE
DROP
CREATE
DROP
CREATE
EOF
DROP
CREATE
DROP
CREATE
DROP
CREATE
EOF
DROP
CREATE
DROP
CREATE
INSERT 91103 1
INSERT 91104 1
DROP
CREATE
DROP
CREATE
DROP
CREATE
EOF
DROP
CREATE
INSERT 91181 1
INSERT 91182 1
DROP
CREATE
DROP
CREATE
DROP
CREATE
DROP
CREATE
DROP
CREATE
CREATE
EOF
